Arguments: 
  /Users/nathanlove/.nvm/versions/node/v16.18.1/bin/node /Users/nathanlove/.nvm/versions/node/v16.18.1/bin/yarn add react react-dom webpack webpack-cli webpac-dev-server --dev

PATH: 
  /Users/nathanlove/.nvm/versions/node/v16.18.1/bin:/usr/local/bin:/usr/bin:/bin:/usr/sbin:/sbin:/Applications/Postgres.app/Contents/Versions/latest/bin:/Users/nathanlove/.cargo/bin:/Users/nathanlove/.nvm/versions/node/v16.18.1/bin:/path/to/mongodb/bin:/path/to/mongodb/bin

Yarn version: 
  1.22.19

Node version: 
  16.18.1

Platform: 
  darwin x64

Trace: 
  Error: https://registry.yarnpkg.com/webpac-dev-server: Not found
      at Request.params.callback [as _callback] (/Users/nathanlove/.nvm/versions/node/v16.18.1/lib/node_modules/yarn/lib/cli.js:66145:18)
      at Request.self.callback (/Users/nathanlove/.nvm/versions/node/v16.18.1/lib/node_modules/yarn/lib/cli.js:140890:22)
      at Request.emit (node:events:513:28)
      at Request.<anonymous> (/Users/nathanlove/.nvm/versions/node/v16.18.1/lib/node_modules/yarn/lib/cli.js:141862:10)
      at Request.emit (node:events:513:28)
      at IncomingMessage.<anonymous> (/Users/nathanlove/.nvm/versions/node/v16.18.1/lib/node_modules/yarn/lib/cli.js:141784:12)
      at Object.onceWrapper (node:events:627:28)
      at IncomingMessage.emit (node:events:525:35)
      at endReadableNT (node:internal/streams/readable:1358:12)
      at processTicksAndRejections (node:internal/process/task_queues:83:21)

npm manifest: 
  {
    "name": "client",
    "version": "1.0.0",
    "main": "index.js",
    "license": "MIT"
  }

yarn manifest: 
  No manifest

Lockfile: 
  No lockfile
